<?xml version="1.0" encoding="UTF-8"?>
<robot generator="Robot 6.1.1 (Python 3.12.9 on darwin)" generated="20250323 00:25:24.188" rpa="false" schemaversion="4">
<suite id="s1" name="Inscription  Page" source="/Users/mac/Documents/MasteringTesting/formation_projet/Tests/jumia__inscription__page.robot">
<kw name="Acces to Jumia Home page" library="keywords_recherche" type="SETUP">
<arg>BASE_URL_CUSTOM=https://my.jumia.ma/interaction/1ybCGZ0RRXQxpRQgHHamo/fr-ma/identification</arg>
<doc>Overture la page principle de "Jumia"</doc>
<kw name="Open Browser" library="SeleniumLibrary">
<arg>${BASE_URL_CUSTOM}</arg>
<arg>browser=firefox</arg>
<doc>Opens a new browser instance to the optional ``url``.</doc>
<msg timestamp="20250323 00:25:24.339" level="INFO">Opening browser 'firefox' to base url 'https://my.jumia.ma/interaction/1ybCGZ0RRXQxpRQgHHamo/fr-ma/identification'.</msg>
<status status="PASS" starttime="20250323 00:25:24.339" endtime="20250323 00:25:28.120"/>
</kw>
<kw name="Sleep" library="BuiltIn">
<arg>3s</arg>
<doc>Pauses the test executed for the given time.</doc>
<msg timestamp="20250323 00:25:31.121" level="INFO">Slept 3 seconds</msg>
<status status="PASS" starttime="20250323 00:25:28.120" endtime="20250323 00:25:31.122"/>
</kw>
<status status="PASS" starttime="20250323 00:25:24.338" endtime="20250323 00:25:31.122"/>
</kw>
<test id="s1-t1" name="⁡⁢⁣⁢# //ANCHOR - The Transition from home page to connection page is detected by cloudflare⁡" line="16">
<kw name="Click Button" library="SeleniumLibrary">
<arg>locator=${CLOSE_BUTTON_IN_POPUP}</arg>
<doc>Clicks the button identified by ``locator``.</doc>
<msg timestamp="20250323 00:25:31.129" level="INFO">Clicking button '//*[@id="pop"]/div/section/button'.</msg>
<msg timestamp="20250323 00:25:31.150" level="WARN">Keyword 'Capture Page Screenshot' could not be run on failure: [Errno 30] Read-only file system: '/Screenshots'</msg>
<msg timestamp="20250323 00:25:31.151" level="FAIL">Button with locator '//*[@id="pop"]/div/section/button' not found.</msg>
<status status="FAIL" starttime="20250323 00:25:31.128" endtime="20250323 00:25:31.155"/>
</kw>
<kw name="Click Element" library="SeleniumLibrary">
<arg>locator=//label[@for="dpdw-login"]</arg>
<doc>Click the element identified by ``locator``.</doc>
<status status="NOT RUN" starttime="20250323 00:25:31.155" endtime="20250323 00:25:31.155"/>
</kw>
<kw name="Click Link" library="SeleniumLibrary">
<arg>locator=${SE_CONNECTER_BUTTON}</arg>
<doc>Clicks a link identified by ``locator``.</doc>
<status status="NOT RUN" starttime="20250323 00:25:31.155" endtime="20250323 00:25:31.155"/>
</kw>
<kw name="Sleep" library="BuiltIn">
<arg>time_=5s</arg>
<doc>Pauses the test executed for the given time.</doc>
<status status="NOT RUN" starttime="20250323 00:25:31.155" endtime="20250323 00:25:31.155"/>
</kw>
<doc>Charger la page de connection quand je click sur le button connecter</doc>
<tag>suite2-test1(ignore)</tag>
<status status="FAIL" starttime="20250323 00:25:31.124" endtime="20250323 00:25:31.156">Button with locator '//*[@id="pop"]/div/section/button' not found.</status>
</test>
<test id="s1-t2" name="Test Load Connection using direct link" line="30">
<kw name="Capture Page Screenshot" library="SeleniumLibrary">
<arg>filename=connectionPage.png</arg>
<doc>Takes a screenshot of the current page and embeds it into a log file.</doc>
<msg timestamp="20250323 00:25:31.157" level="WARN">Keyword 'Capture Page Screenshot' could not be run on failure: [Errno 30] Read-only file system: '/Screenshots'</msg>
<msg timestamp="20250323 00:25:31.157" level="FAIL">OSError: [Errno 30] Read-only file system: '/Screenshots'</msg>
<status status="FAIL" starttime="20250323 00:25:31.156" endtime="20250323 00:25:31.158"/>
</kw>
<doc>Charger la page de connection a traver le lien direct du jumia connect</doc>
<tag>suite2-test2</tag>
<status status="FAIL" starttime="20250323 00:25:31.156" endtime="20250323 00:25:31.158">OSError: [Errno 30] Read-only file system: '/Screenshots'</status>
</test>
<kw name="Close All Browser Navigation to home page" library="keywords_recherche" type="TEARDOWN">
<tag>test keyword</tag>
<kw name="Close All Browsers" library="SeleniumLibrary">
<doc>Closes all open browsers and resets the browser cache.</doc>
<status status="PASS" starttime="20250323 00:25:31.158" endtime="20250323 00:25:31.721"/>
</kw>
<status status="PASS" starttime="20250323 00:25:31.158" endtime="20250323 00:25:31.721"/>
</kw>
<doc>This suite responsible to insure that the Register page works properly</doc>
<status status="FAIL" starttime="20250323 00:25:24.188" endtime="20250323 00:25:31.721"/>
</suite>
<statistics>
<total>
<stat pass="0" fail="2" skip="0">All Tests</stat>
</total>
<tag>
<stat pass="0" fail="1" skip="0">suite2-test1(ignore)</stat>
<stat pass="0" fail="1" skip="0">suite2-test2</stat>
</tag>
<suite>
<stat pass="0" fail="2" skip="0" id="s1" name="Inscription  Page">Inscription  Page</stat>
</suite>
</statistics>
<errors>
<msg timestamp="20250323 00:25:31.150" level="WARN">Keyword 'Capture Page Screenshot' could not be run on failure: [Errno 30] Read-only file system: '/Screenshots'</msg>
<msg timestamp="20250323 00:25:31.157" level="WARN">Keyword 'Capture Page Screenshot' could not be run on failure: [Errno 30] Read-only file system: '/Screenshots'</msg>
</errors>
</robot>
