<?xml version="1.0" encoding="UTF-8"?>
<robot generator="Robot 6.1.1 (Python 3.12.9 on darwin)" generated="20250324 02:27:51.742" rpa="false" schemaversion="4">
<suite id="s1" name="Formation Projet" source="/Users/mac/Documents/MasteringTesting/formation_projet">
<suite id="s1-s1" name="Tests" source="/Users/mac/Documents/MasteringTesting/formation_projet/Tests">
<suite id="s1-s1-s1" name="Home  Page" source="/Users/mac/Documents/MasteringTesting/formation_projet/Tests/jumia__home__page.robot">
<kw name="Acces to Jumia Home page" library="keywords_recherche" type="SETUP">
<arg>BASE_URL_CUSTOM=${BASE_URL}</arg>
<doc>Overture la page principle de "Jumia"</doc>
<kw name="Open Browser" library="SeleniumLibrary">
<arg>${BASE_URL_CUSTOM}</arg>
<arg>browser=firefox</arg>
<doc>Opens a new browser instance to the optional ``url``.</doc>
<msg timestamp="20250324 02:27:51.864" level="INFO">Opening browser 'firefox' to base url 'https://www.jumia.ma/'.</msg>
<status status="PASS" starttime="20250324 02:27:51.864" endtime="20250324 02:27:58.640"/>
</kw>
<kw name="Maximize Browser Window" library="SeleniumLibrary">
<doc>Maximizes current browser window.</doc>
<status status="PASS" starttime="20250324 02:27:58.641" endtime="20250324 02:27:59.244"/>
</kw>
<kw name="Sleep" library="BuiltIn">
<arg>3s</arg>
<doc>Pauses the test executed for the given time.</doc>
<msg timestamp="20250324 02:28:02.245" level="INFO">Slept 3 seconds</msg>
<status status="PASS" starttime="20250324 02:27:59.244" endtime="20250324 02:28:02.245"/>
</kw>
<status status="PASS" starttime="20250324 02:27:51.863" endtime="20250324 02:28:02.246"/>
</kw>
<test id="s1-s1-s1-t1" name="Test Home Page Load" line="14">
<kw name="Capture Page Screenshot" library="SeleniumLibrary">
<arg>filename=browser.png</arg>
<doc>Takes a screenshot of the current page and embeds it into a log file.</doc>
<msg timestamp="20250324 02:28:02.506" level="INFO" html="true">&lt;/td&gt;&lt;/tr&gt;&lt;tr&gt;&lt;td colspan="3"&gt;&lt;a href="../Screenshots/SUITE1/browser.png"&gt;&lt;img src="../Screenshots/SUITE1/browser.png" width="800px"&gt;&lt;/a&gt;</msg>
<status status="PASS" starttime="20250324 02:28:02.247" endtime="20250324 02:28:02.507"/>
</kw>
<doc>test si la page d'acceuil se charge a travers le bon lien</doc>
<tag>suite1-test1</tag>
<status status="PASS" starttime="20250324 02:28:02.246" endtime="20250324 02:28:02.507"/>
</test>
<kw name="Close All Browser Navigation to home page" library="keywords_recherche" type="TEARDOWN">
<tag>test keyword</tag>
<kw name="Close All Browsers" library="SeleniumLibrary">
<doc>Closes all open browsers and resets the browser cache.</doc>
<status status="PASS" starttime="20250324 02:28:02.508" endtime="20250324 02:28:03.210"/>
</kw>
<status status="PASS" starttime="20250324 02:28:02.507" endtime="20250324 02:28:03.210"/>
</kw>
<doc>This test case detected to make sure that home page is working properly</doc>
<status status="PASS" starttime="20250324 02:27:51.755" endtime="20250324 02:28:03.210"/>
</suite>
<status status="PASS" starttime="20250324 02:27:51.754" endtime="20250324 02:28:03.211"/>
</suite>
<status status="PASS" starttime="20250324 02:27:51.744" endtime="20250324 02:28:03.212"/>
</suite>
<statistics>
<total>
<stat pass="1" fail="0" skip="0">All Tests</stat>
</total>
<tag>
<stat pass="1" fail="0" skip="0">suite1-test1</stat>
</tag>
<suite>
<stat pass="1" fail="0" skip="0" id="s1" name="Formation Projet">Formation Projet</stat>
<stat pass="1" fail="0" skip="0" id="s1-s1" name="Tests">Formation Projet.Tests</stat>
<stat pass="1" fail="0" skip="0" id="s1-s1-s1" name="Home  Page">Formation Projet.Tests.Home  Page</stat>
</suite>
</statistics>
<errors>
</errors>
</robot>
