<?xml version="1.0" encoding="UTF-8"?>
<robot generator="Robot 6.1.1 (Python 3.12.9 on darwin)" generated="20250323 00:16:26.160" rpa="false" schemaversion="4">
<suite id="s1" name="Formation Projet" source="/Users/mac/Documents/MasteringTesting/formation_projet">
<suite id="s1-s1" name="Tests" source="/Users/mac/Documents/MasteringTesting/formation_projet/Tests">
<suite id="s1-s1-s1" name="Inscription  Page" source="/Users/mac/Documents/MasteringTesting/formation_projet/Tests/jumia__inscription__page.robot">
<kw name="Acces to Jumia Home page" library="keywords_recherche" type="SETUP">
<doc>Overture la page principle de "Jumia"</doc>
<kw name="Open Browser" library="SeleniumLibrary">
<arg>${BASE_URL}</arg>
<arg>browser=firefox</arg>
<doc>Opens a new browser instance to the optional ``url``.</doc>
<msg timestamp="20250323 00:16:26.296" level="INFO">Opening browser 'firefox' to base url 'https://www.jumia.fr/'.</msg>
<status status="PASS" starttime="20250323 00:16:26.296" endtime="20250323 00:16:29.611"/>
</kw>
<kw name="Sleep" library="BuiltIn">
<arg>3s</arg>
<doc>Pauses the test executed for the given time.</doc>
<msg timestamp="20250323 00:16:32.615" level="INFO">Slept 3 seconds</msg>
<status status="PASS" starttime="20250323 00:16:29.612" endtime="20250323 00:16:32.617"/>
</kw>
<status status="PASS" starttime="20250323 00:16:26.296" endtime="20250323 00:16:32.618"/>
</kw>
<test id="s1-s1-s1-t1" name="Test Lod Conneter Page" line="16">
<kw name="Click Button" library="SeleniumLibrary">
<arg>locator=${CLOSE_BUTTON_IN_POPUP}</arg>
<doc>Clicks the button identified by ``locator``.</doc>
<msg timestamp="20250323 00:16:32.631" level="INFO">Clicking button '//*[@id="pop"]/div/section/button'.</msg>
<status status="PASS" starttime="20250323 00:16:32.627" endtime="20250323 00:16:32.896"/>
</kw>
<kw name="Click Element" library="SeleniumLibrary">
<arg>locator=//label[@for="dpdw-login"]</arg>
<doc>Click the element identified by ``locator``.</doc>
<msg timestamp="20250323 00:16:32.897" level="INFO">Clicking element '//label[@for="dpdw-login"]'.</msg>
<status status="PASS" starttime="20250323 00:16:32.897" endtime="20250323 00:16:33.119"/>
</kw>
<kw name="Click Link" library="SeleniumLibrary">
<arg>locator=${SE_CONNECTER_BUTTON}</arg>
<doc>Clicks a link identified by ``locator``.</doc>
<msg timestamp="20250323 00:16:33.121" level="INFO">Clicking link '//a[contains(.,"Se connecter")]'.</msg>
<status status="PASS" starttime="20250323 00:16:33.120" endtime="20250323 00:16:34.467"/>
</kw>
<kw name="Sleep" library="BuiltIn">
<arg>time_=5s</arg>
<doc>Pauses the test executed for the given time.</doc>
<msg timestamp="20250323 00:16:39.469" level="INFO">Slept 5 seconds</msg>
<status status="PASS" starttime="20250323 00:16:34.467" endtime="20250323 00:16:39.473"/>
</kw>
<doc>Charger la page de connection quand je click sur le button connecter</doc>
<tag>suite2-test1</tag>
<status status="PASS" starttime="20250323 00:16:32.618" endtime="20250323 00:16:39.476"/>
</test>
<kw name="Close All Browser Navigation to home page" library="keywords_recherche" type="TEARDOWN">
<tag>test keyword</tag>
<kw name="Close All Browsers" library="SeleniumLibrary">
<doc>Closes all open browsers and resets the browser cache.</doc>
<status status="PASS" starttime="20250323 00:16:39.481" endtime="20250323 00:16:40.195"/>
</kw>
<status status="PASS" starttime="20250323 00:16:39.479" endtime="20250323 00:16:40.195"/>
</kw>
<doc>This suite responsible to insure that the Register page works properly</doc>
<status status="PASS" starttime="20250323 00:16:26.171" endtime="20250323 00:16:40.195"/>
</suite>
<status status="PASS" starttime="20250323 00:16:26.170" endtime="20250323 00:16:40.197"/>
</suite>
<status status="PASS" starttime="20250323 00:16:26.162" endtime="20250323 00:16:40.198"/>
</suite>
<statistics>
<total>
<stat pass="1" fail="0" skip="0">All Tests</stat>
</total>
<tag>
<stat pass="1" fail="0" skip="0">suite2-test1</stat>
</tag>
<suite>
<stat pass="1" fail="0" skip="0" id="s1" name="Formation Projet">Formation Projet</stat>
<stat pass="1" fail="0" skip="0" id="s1-s1" name="Tests">Formation Projet.Tests</stat>
<stat pass="1" fail="0" skip="0" id="s1-s1-s1" name="Inscription  Page">Formation Projet.Tests.Inscription  Page</stat>
</suite>
</statistics>
<errors>
</errors>
</robot>
